app/build/intermediates/manifest_merge_blame_file/debug/manifest-merger-blame-debug-report.txt
1<?xml version="1.0" encoding="utf-8"?>
2<manifest xmlns:android="http://schemas.android.com/apk/res/android"
3    package="com.example.bookshare"
4    android:versionCode="1"
5    android:versionName="1.0" >
6
7    <uses-sdk
8        android:minSdkVersion="16"
8-->src\main\AndroidManifest.xml
9        android:targetSdkVersion="30" />
9-->src\main\AndroidManifest.xml
10
11    <!-- Although the *SdkVersion is captured in gradle build files, this is required for non gradle builds -->
12    <!-- <uses-sdk android:minSdkVersion="14" /> -->
13    <uses-permission android:name="android.permission.ACCESS_NETWORK_STATE" />
13-->[com.google.firebase:firebase-firestore:22.1.0] AndroidManifest.xml:13:5-79
13-->[com.google.firebase:firebase-firestore:22.1.0] AndroidManifest.xml:13:22-76
14    <uses-permission android:name="android.permission.INTERNET" />
14-->[com.google.firebase:firebase-firestore:22.1.0] AndroidManifest.xml:14:5-67
14-->[com.google.firebase:firebase-firestore:22.1.0] AndroidManifest.xml:14:22-64
15
16    <application
16-->src\main\AndroidManifest.xml:5:5-27:19
17        android:name="androidx.multidex.MultiDexApplication"
18        android:allowBackup="true"
18-->src\main\AndroidManifest.xml:6:9-35
19        android:appComponentFactory="androidx.core.app.CoreComponentFactory"
19-->[androidx.core:core:1.3.2] AndroidManifest.xml:24:18-86
20        android:debuggable="true"
21        android:icon="@drawable/logo"
21-->src\main\AndroidManifest.xml:7:9-38
22        android:label="@string/app_name"
22-->src\main\AndroidManifest.xml:8:9-41
23        android:roundIcon="@mipmap/ic_launcher_round"
23-->src\main\AndroidManifest.xml:9:9-54
24        android:supportsRtl="true"
24-->src\main\AndroidManifest.xml:10:9-35
25        android:testOnly="true"
26        android:theme="@style/Theme.AppCompat.Light.NoActionBar" >
26-->src\main\AndroidManifest.xml:11:9-65
27        <activity android:name="com.example.bookshare.Registro" />
27-->src\main\AndroidManifest.xml:12:9-45
27-->src\main\AndroidManifest.xml:12:19-43
28        <activity android:name="com.example.bookshare.Catalogo" />
28-->src\main\AndroidManifest.xml:13:9-45
28-->src\main\AndroidManifest.xml:13:19-43
29        <activity android:name="com.example.bookshare.Chat" />
29-->src\main\AndroidManifest.xml:14:9-41
29-->src\main\AndroidManifest.xml:14:19-39
30        <activity android:name="com.example.bookshare.Chats" />
30-->src\main\AndroidManifest.xml:15:9-42
30-->src\main\AndroidManifest.xml:15:19-40
31        <activity android:name="com.example.bookshare.Perfil" />
31-->src\main\AndroidManifest.xml:16:9-43
31-->src\main\AndroidManifest.xml:16:19-41
32        <activity android:name="com.example.bookshare.PerfilLibro" />
32-->src\main\AndroidManifest.xml:17:9-48
32-->src\main\AndroidManifest.xml:17:19-46
33        <activity android:name="com.example.bookshare.AgregarLibro" />
33-->src\main\AndroidManifest.xml:18:9-49
33-->src\main\AndroidManifest.xml:18:19-47
34        <activity android:name="com.example.bookshare.EditarLibro" />
34-->src\main\AndroidManifest.xml:19:9-48
34-->src\main\AndroidManifest.xml:19:19-46
35        <activity android:name="com.example.bookshare.MainActivity" >
35-->src\main\AndroidManifest.xml:20:9-26:20
35-->src\main\AndroidManifest.xml:20:19-47
36            <intent-filter>
36-->src\main\AndroidManifest.xml:21:13-25:29
37                <action android:name="android.intent.action.MAIN" />
37-->src\main\AndroidManifest.xml:22:17-69
37-->src\main\AndroidManifest.xml:22:25-66
38
39                <category android:name="android.intent.category.LAUNCHER" />
39-->src\main\AndroidManifest.xml:24:17-77
39-->src\main\AndroidManifest.xml:24:27-74
40            </intent-filter>
41        </activity>
42
43        <service
43-->[com.google.firebase:firebase-database-ktx:19.2.1] AndroidManifest.xml:12:9-18:19
44            android:name="com.google.firebase.components.ComponentDiscoveryService"
44-->[com.google.firebase:firebase-database-ktx:19.2.1] AndroidManifest.xml:13:13-84
45            android:directBootAware="true"
45-->[com.google.firebase:firebase-common:19.5.0] AndroidManifest.xml:35:13-43
46            android:exported="false" >
46-->[com.google.firebase:firebase-database-ktx:19.2.1] AndroidManifest.xml:14:13-37
47            <meta-data
47-->[com.google.firebase:firebase-database-ktx:19.2.1] AndroidManifest.xml:15:13-17:85
48                android:name="com.google.firebase.components:com.google.firebase.database.ktx.FirebaseDatabaseKtxRegistrar"
48-->[com.google.firebase:firebase-database-ktx:19.2.1] AndroidManifest.xml:16:17-124
49                android:value="com.google.firebase.components.ComponentRegistrar" />
49-->[com.google.firebase:firebase-database-ktx:19.2.1] AndroidManifest.xml:17:17-82
50            <meta-data
50-->[com.google.firebase:firebase-common-ktx:19.3.0] AndroidManifest.xml:15:13-17:85
51                android:name="com.google.firebase.components:com.google.firebase.ktx.FirebaseCommonKtxRegistrar"
51-->[com.google.firebase:firebase-common-ktx:19.3.0] AndroidManifest.xml:16:17-113
52                android:value="com.google.firebase.components.ComponentRegistrar" />
52-->[com.google.firebase:firebase-common-ktx:19.3.0] AndroidManifest.xml:17:17-82
53            <meta-data
53-->[com.google.firebase:firebase-firestore:22.1.0] AndroidManifest.xml:20:13-22:85
54                android:name="com.google.firebase.components:com.google.firebase.firestore.FirestoreRegistrar"
54-->[com.google.firebase:firebase-firestore:22.1.0] AndroidManifest.xml:21:17-111
55                android:value="com.google.firebase.components.ComponentRegistrar" />
55-->[com.google.firebase:firebase-firestore:22.1.0] AndroidManifest.xml:22:17-82
56            <meta-data
56-->[com.google.firebase:firebase-database:19.7.0] AndroidManifest.xml:32:13-34:85
57                android:name="com.google.firebase.components:com.google.firebase.database.DatabaseRegistrar"
57-->[com.google.firebase:firebase-database:19.7.0] AndroidManifest.xml:33:17-109
58                android:value="com.google.firebase.components.ComponentRegistrar" />
58-->[com.google.firebase:firebase-database:19.7.0] AndroidManifest.xml:34:17-82
59            <meta-data
59-->[com.google.firebase:firebase-auth:20.0.2] AndroidManifest.xml:77:13-79:85
60                android:name="com.google.firebase.components:com.google.firebase.auth.FirebaseAuthRegistrar"
60-->[com.google.firebase:firebase-auth:20.0.2] AndroidManifest.xml:78:17-109
61                android:value="com.google.firebase.components.ComponentRegistrar" />
61-->[com.google.firebase:firebase-auth:20.0.2] AndroidManifest.xml:79:17-82
62            <!--
63                This registrar is not defined in the dynamic-module-support sdk itself to allow non-firebase
64                clients to use it as well, by defining this registrar in their own core/common library.
65            -->
66            <meta-data
66-->[com.google.firebase:firebase-common:19.5.0] AndroidManifest.xml:43:13-45:85
67                android:name="com.google.firebase.components:com.google.firebase.dynamicloading.DynamicLoadingRegistrar"
67-->[com.google.firebase:firebase-common:19.5.0] AndroidManifest.xml:44:17-121
68                android:value="com.google.firebase.components.ComponentRegistrar" />
68-->[com.google.firebase:firebase-common:19.5.0] AndroidManifest.xml:45:17-82
69        </service>
70
71        <activity
71-->[com.google.firebase:firebase-auth:20.0.2] AndroidManifest.xml:27:9-44:20
72            android:name="com.google.firebase.auth.internal.GenericIdpActivity"
72-->[com.google.firebase:firebase-auth:20.0.2] AndroidManifest.xml:28:13-80
73            android:excludeFromRecents="true"
73-->[com.google.firebase:firebase-auth:20.0.2] AndroidManifest.xml:29:13-46
74            android:exported="true"
74-->[com.google.firebase:firebase-auth:20.0.2] AndroidManifest.xml:30:13-36
75            android:launchMode="singleTask"
75-->[com.google.firebase:firebase-auth:20.0.2] AndroidManifest.xml:31:13-44
76            android:theme="@android:style/Theme.Translucent.NoTitleBar" >
76-->[com.google.firebase:firebase-auth:20.0.2] AndroidManifest.xml:32:13-72
77            <intent-filter>
77-->[com.google.firebase:firebase-auth:20.0.2] AndroidManifest.xml:33:13-43:29
78                <action android:name="android.intent.action.VIEW" />
78-->[com.google.firebase:firebase-auth:20.0.2] AndroidManifest.xml:34:17-69
78-->[com.google.firebase:firebase-auth:20.0.2] AndroidManifest.xml:34:25-66
79
80                <category android:name="android.intent.category.DEFAULT" />
80-->[com.google.firebase:firebase-auth:20.0.2] AndroidManifest.xml:36:17-76
80-->[com.google.firebase:firebase-auth:20.0.2] AndroidManifest.xml:36:27-73
81                <category android:name="android.intent.category.BROWSABLE" />
81-->[com.google.firebase:firebase-auth:20.0.2] AndroidManifest.xml:37:17-78
81-->[com.google.firebase:firebase-auth:20.0.2] AndroidManifest.xml:37:27-75
82
83                <data
83-->[com.google.firebase:firebase-auth:20.0.2] AndroidManifest.xml:39:17-42:51
84                    android:host="firebase.auth"
84-->[com.google.firebase:firebase-auth:20.0.2] AndroidManifest.xml:40:21-49
85                    android:path="/"
85-->[com.google.firebase:firebase-auth:20.0.2] AndroidManifest.xml:41:21-37
86                    android:scheme="genericidp" />
86-->[com.google.firebase:firebase-auth:20.0.2] AndroidManifest.xml:42:21-48
87            </intent-filter>
88        </activity>
89        <activity
89-->[com.google.firebase:firebase-auth:20.0.2] AndroidManifest.xml:45:9-62:20
90            android:name="com.google.firebase.auth.internal.RecaptchaActivity"
90-->[com.google.firebase:firebase-auth:20.0.2] AndroidManifest.xml:46:13-79
91            android:excludeFromRecents="true"
91-->[com.google.firebase:firebase-auth:20.0.2] AndroidManifest.xml:47:13-46
92            android:exported="true"
92-->[com.google.firebase:firebase-auth:20.0.2] AndroidManifest.xml:48:13-36
93            android:launchMode="singleTask"
93-->[com.google.firebase:firebase-auth:20.0.2] AndroidManifest.xml:49:13-44
94            android:theme="@android:style/Theme.Translucent.NoTitleBar" >
94-->[com.google.firebase:firebase-auth:20.0.2] AndroidManifest.xml:50:13-72
95            <intent-filter>
95-->[com.google.firebase:firebase-auth:20.0.2] AndroidManifest.xml:51:13-61:29
96                <action android:name="android.intent.action.VIEW" />
96-->[com.google.firebase:firebase-auth:20.0.2] AndroidManifest.xml:34:17-69
96-->[com.google.firebase:firebase-auth:20.0.2] AndroidManifest.xml:34:25-66
97
98                <category android:name="android.intent.category.DEFAULT" />
98-->[com.google.firebase:firebase-auth:20.0.2] AndroidManifest.xml:36:17-76
98-->[com.google.firebase:firebase-auth:20.0.2] AndroidManifest.xml:36:27-73
99                <category android:name="android.intent.category.BROWSABLE" />
99-->[com.google.firebase:firebase-auth:20.0.2] AndroidManifest.xml:37:17-78
99-->[com.google.firebase:firebase-auth:20.0.2] AndroidManifest.xml:37:27-75
100
101                <data
101-->[com.google.firebase:firebase-auth:20.0.2] AndroidManifest.xml:39:17-42:51
102                    android:host="firebase.auth"
102-->[com.google.firebase:firebase-auth:20.0.2] AndroidManifest.xml:40:21-49
103                    android:path="/"
103-->[com.google.firebase:firebase-auth:20.0.2] AndroidManifest.xml:41:21-37
104                    android:scheme="recaptcha" />
104-->[com.google.firebase:firebase-auth:20.0.2] AndroidManifest.xml:42:21-48
105            </intent-filter>
106        </activity>
107
108        <service
108-->[com.google.firebase:firebase-auth:20.0.2] AndroidManifest.xml:64:9-73:19
109            android:name="com.google.firebase.auth.api.fallback.service.FirebaseAuthFallbackService"
109-->[com.google.firebase:firebase-auth:20.0.2] AndroidManifest.xml:65:13-101
110            android:enabled="true"
110-->[com.google.firebase:firebase-auth:20.0.2] AndroidManifest.xml:66:13-35
111            android:exported="false" >
111-->[com.google.firebase:firebase-auth:20.0.2] AndroidManifest.xml:67:13-37
112            <intent-filter>
112-->[com.google.firebase:firebase-auth:20.0.2] AndroidManifest.xml:68:13-72:29
113                <action android:name="com.google.firebase.auth.api.gms.service.START" />
113-->[com.google.firebase:firebase-auth:20.0.2] AndroidManifest.xml:69:17-89
113-->[com.google.firebase:firebase-auth:20.0.2] AndroidManifest.xml:69:25-86
114
115                <category android:name="android.intent.category.DEFAULT" />
115-->[com.google.firebase:firebase-auth:20.0.2] AndroidManifest.xml:36:17-76
115-->[com.google.firebase:firebase-auth:20.0.2] AndroidManifest.xml:36:27-73
116            </intent-filter>
117        </service>
118
119        <activity
119-->[com.google.android.gms:play-services-auth:17.0.0] AndroidManifest.xml:23:9-27:75
120            android:name="com.google.android.gms.auth.api.signin.internal.SignInHubActivity"
120-->[com.google.android.gms:play-services-auth:17.0.0] AndroidManifest.xml:24:13-93
121            android:excludeFromRecents="true"
121-->[com.google.android.gms:play-services-auth:17.0.0] AndroidManifest.xml:25:13-46
122            android:exported="false"
122-->[com.google.android.gms:play-services-auth:17.0.0] AndroidManifest.xml:26:13-37
123            android:theme="@android:style/Theme.Translucent.NoTitleBar" />
123-->[com.google.android.gms:play-services-auth:17.0.0] AndroidManifest.xml:27:13-72
124        <!--
125            Service handling Google Sign-In user revocation. For apps that do not integrate with
126            Google Sign-In, this service will never be started.
127        -->
128        <service
128-->[com.google.android.gms:play-services-auth:17.0.0] AndroidManifest.xml:33:9-36:110
129            android:name="com.google.android.gms.auth.api.signin.RevocationBoundService"
129-->[com.google.android.gms:play-services-auth:17.0.0] AndroidManifest.xml:34:13-89
130            android:exported="true"
130-->[com.google.android.gms:play-services-auth:17.0.0] AndroidManifest.xml:35:13-36
131            android:permission="com.google.android.gms.auth.api.signin.permission.REVOCATION_NOTIFICATION" />
131-->[com.google.android.gms:play-services-auth:17.0.0] AndroidManifest.xml:36:13-107
132
133        <activity
133-->[com.google.android.gms:play-services-base:17.1.0] AndroidManifest.xml:23:9-26:75
134            android:name="com.google.android.gms.common.api.GoogleApiActivity"
134-->[com.google.android.gms:play-services-base:17.1.0] AndroidManifest.xml:24:13-79
135            android:exported="false"
135-->[com.google.android.gms:play-services-base:17.1.0] AndroidManifest.xml:25:13-37
136            android:theme="@android:style/Theme.Translucent.NoTitleBar" />
136-->[com.google.android.gms:play-services-base:17.1.0] AndroidManifest.xml:26:13-72
137
138        <provider
138-->[com.google.firebase:firebase-common:19.5.0] AndroidManifest.xml:26:9-31:39
139            android:name="com.google.firebase.provider.FirebaseInitProvider"
139-->[com.google.firebase:firebase-common:19.5.0] AndroidManifest.xml:27:13-77
140            android:authorities="com.example.bookshare.firebaseinitprovider"
140-->[com.google.firebase:firebase-common:19.5.0] AndroidManifest.xml:28:13-72
141            android:directBootAware="true"
141-->[com.google.firebase:firebase-common:19.5.0] AndroidManifest.xml:29:13-43
142            android:exported="false"
142-->[com.google.firebase:firebase-common:19.5.0] AndroidManifest.xml:30:13-37
143            android:initOrder="100" />
143-->[com.google.firebase:firebase-common:19.5.0] AndroidManifest.xml:31:13-36
144
145        <meta-data
145-->[com.google.android.gms:play-services-basement:17.1.0] AndroidManifest.xml:23:9-25:69
146            android:name="com.google.android.gms.version"
146-->[com.google.android.gms:play-services-basement:17.1.0] AndroidManifest.xml:24:13-58
147            android:value="@integer/google_play_services_version" />
147-->[com.google.android.gms:play-services-basement:17.1.0] AndroidManifest.xml:25:13-66
148    </application>
149
150</manifest>